<?xml version="1.0" encoding="utf-8"?><testsuites name="pytest tests"><testsuite name="pytest" errors="0" failures="0" skipped="0" tests="12" time="1.189" timestamp="2026-03-31T08:24:04.327183+00:00" hostname="agent-env-87dad054-b36d-41d3-a2e9-9ba89fa9b3c7"><testcase classname="test_email_converter.TestECHealth" name="test_list_jobs_empty_structure" time="0.227" /><testcase classname="test_email_converter.TestECHealth" name="test_upload_invalid_file_type_returns_400" time="0.045" /><testcase classname="test_email_converter.TestECUploadFlow" name="test_upload_valid_eml_returns_job" time="0.084" /><testcase classname="test_email_converter.TestECUploadFlow" name="test_upload_returns_no_mongodb_id" time="0.046" /><testcase classname="test_email_converter.TestECJobCRUD" name="test_get_job_detail" time="0.091" /><testcase classname="test_email_converter.TestECJobCRUD" name="test_job_appears_in_jobs_list" time="0.047" /><testcase classname="test_email_converter.TestECJobCRUD" name="test_completed_job_has_emails" time="0.044" /><testcase classname="test_email_converter.TestECJobCRUD" name="test_filename_format" time="0.045" /><testcase classname="test_email_converter.TestECEmailDownload" name="test_download_txt_returns_text" time="0.106" /><testcase classname="test_email_converter.TestECEmailDownload" name="test_export_zip_returns_zip" time="0.091" /><testcase classname="test_email_converter.TestECDeleteJob" name="test_delete_job_removes_from_list" time="0.140" /><testcase classname="test_email_converter.TestECDeleteJob" name="test_get_invalid_job_id_returns_400" time="0.047" /></testsuite></testsuites>