<?xml version="1.0" encoding="utf-8"?><testsuites name="pytest tests"><testsuite name="pytest" errors="0" failures="0" skipped="0" tests="15" time="25.771" timestamp="2026-03-31T06:36:40.844660+00:00" hostname="agent-env-87dad054-b36d-41d3-a2e9-9ba89fa9b3c7"><testcase classname="backend.tests.test_scss_advocate.TestHealth" name="test_health" time="0.274" /><testcase classname="backend.tests.test_scss_advocate.TestModels" name="test_get_models" time="0.140" /><testcase classname="backend.tests.test_scss_advocate.TestSessions" name="test_create_session" time="0.127" /><testcase classname="backend.tests.test_scss_advocate.TestSessions" name="test_list_sessions" time="0.101" /><testcase classname="backend.tests.test_scss_advocate.TestSessions" name="test_get_messages" time="0.102" /><testcase classname="backend.tests.test_scss_advocate.TestSessions" name="test_delete_session" time="0.271" /><testcase classname="backend.tests.test_scss_advocate.TestChat" name="test_chat_claude" time="23.294" /><testcase classname="backend.tests.test_scss_advocate.TestChat" name="test_chat_invalid_session" time="0.106" /><testcase classname="backend.tests.test_scss_advocate.TestEmails" name="test_create_email" time="0.106" /><testcase classname="backend.tests.test_scss_advocate.TestEmails" name="test_list_emails" time="0.098" /><testcase classname="backend.tests.test_scss_advocate.TestEmails" name="test_get_email" time="0.101" /><testcase classname="backend.tests.test_scss_advocate.TestEmails" name="test_delete_email" time="0.214" /><testcase classname="backend.tests.test_scss_advocate.TestPolicyResources" name="test_get_policy_resources" time="0.095" /><testcase classname="backend.tests.test_scss_advocate.TestWebSearch" name="test_web_search" time="0.465" /><testcase classname="backend.tests.test_scss_advocate.TestWebSearch" name="test_web_search_empty_query" time="0.104" /></testsuite></testsuites>