<?xml version="1.0" encoding="utf-8"?><testsuites name="pytest tests"><testsuite name="pytest" errors="0" failures="0" skipped="0" tests="8" time="1.788" timestamp="2026-04-02T01:24:31.032359+00:00" hostname="agent-env-87dad054-b36d-41d3-a2e9-9ba89fa9b3c7"><testcase classname="backend.tests.test_v6_ec_fixes.TestEmailReferenceWithAttachmentsSummary" name="test_create_email_with_attachments_summary" time="0.244" /><testcase classname="backend.tests.test_v6_ec_fixes.TestEmailReferenceWithAttachmentsSummary" name="test_get_email_has_attachments_summary" time="0.114" /><testcase classname="backend.tests.test_v6_ec_fixes.TestEmailReferenceWithAttachmentsSummary" name="test_list_emails_endpoint" time="0.108" /><testcase classname="backend.tests.test_v6_ec_fixes.TestEmailReferenceWithAttachmentsSummary" name="test_body_not_truncated_on_save" time="0.107" /><testcase classname="backend.tests.test_v6_ec_fixes.TestEmailReferenceWithAttachmentsSummary" name="test_create_multiple_emails_separately" time="0.483" /><testcase classname="backend.tests.test_v6_ec_fixes.TestEmailReferenceWithAttachmentsSummary" name="test_cleanup_test_data" time="0.441" /><testcase classname="backend.tests.test_v6_ec_fixes.TestECJobsEndpoint" name="test_list_jobs" time="0.105" /><testcase classname="backend.tests.test_v6_ec_fixes.TestECJobsEndpoint" name="test_upload_txt_email" time="0.119" /></testsuite></testsuites>