<?xml version="1.0" encoding="utf-8"?><testsuites name="pytest tests"><testsuite name="pytest" errors="0" failures="0" skipped="0" tests="10" time="2.263" timestamp="2026-04-02T01:15:27.866057+00:00" hostname="agent-env-87dad054-b36d-41d3-a2e9-9ba89fa9b3c7"><testcase classname="backend.tests.test_v5_features.TestHealth" name="test_health" time="0.196" /><testcase classname="backend.tests.test_v5_features.TestSessions" name="test_list_sessions" time="0.140" /><testcase classname="backend.tests.test_v5_features.TestSessions" name="test_create_session" time="0.121" /><testcase classname="backend.tests.test_v5_features.TestEmails" name="test_list_emails" time="0.106" /><testcase classname="backend.tests.test_v5_features.TestEC" name="test_list_ec_jobs" time="0.116" /><testcase classname="backend.tests.test_v5_features.TestExtractText" name="test_extract_txt_file" time="0.123" /><testcase classname="backend.tests.test_v5_features.TestExtractText" name="test_extract_html_file" time="0.194" /><testcase classname="backend.tests.test_v5_features.TestPolicyDocs" name="test_list_policy_docs" time="0.152" /><testcase classname="backend.tests.test_v5_features.TestPolicyDocs" name="test_crawl_and_delete" time="0.928" /><testcase classname="backend.tests.test_v5_features.TestPolicyDocs" name="test_crawl_alberta_ca" time="0.117" /></testsuite></testsuites>