<?xml version="1.0" encoding="utf-8"?><testsuites name="pytest tests"><testsuite name="pytest" errors="0" failures="0" skipped="0" tests="6" time="16.810" timestamp="2026-04-02T00:29:00.715912+00:00" hostname="agent-env-87dad054-b36d-41d3-a2e9-9ba89fa9b3c7"><testcase classname="backend.tests.test_v4_bugfixes" name="test_models_shows_claude_46" time="0.319" /><testcase classname="backend.tests.test_v4_bugfixes" name="test_create_email_reference" time="0.060" /><testcase classname="backend.tests.test_v4_bugfixes" name="test_list_emails_returns_saved_ref" time="0.166" /><testcase classname="backend.tests.test_v4_bugfixes" name="test_ec_upload_txt_file" time="0.163" /><testcase classname="backend.tests.test_v4_bugfixes" name="test_ec_wipe_all" time="0.774" /><testcase classname="backend.tests.test_v4_bugfixes" name="test_chat_includes_email_references" time="15.136" /></testsuite></testsuites>