<?xml version="1.0" encoding="utf-8"?><testsuites name="pytest tests"><testsuite name="pytest" errors="0" failures="0" skipped="0" tests="13" time="12.511" timestamp="2026-04-01T23:29:23.232470+00:00" hostname="agent-env-87dad054-b36d-41d3-a2e9-9ba89fa9b3c7"><testcase classname="backend.tests.test_features_v3.TestHealth" name="test_health" time="0.284" /><testcase classname="backend.tests.test_features_v3.TestHealth" name="test_debug_claude_model" time="1.175" /><testcase classname="backend.tests.test_features_v3.TestHealth" name="test_debug_mongodb_ok" time="0.466" /><testcase classname="backend.tests.test_features_v3.TestECUpload" name="test_upload_txt" time="0.157" /><testcase classname="backend.tests.test_features_v3.TestECUpload" name="test_upload_pdf" time="0.107" /><testcase classname="backend.tests.test_features_v3.TestECUpload" name="test_upload_unsupported_rejected" time="0.162" /><testcase classname="backend.tests.test_features_v3.TestECUpload" name="test_upload_eml" time="0.159" /><testcase classname="backend.tests.test_features_v3.TestECUpload" name="test_upload_html" time="0.149" /><testcase classname="backend.tests.test_features_v3.TestECJobs" name="test_list_jobs" time="0.109" /><testcase classname="backend.tests.test_features_v3.TestECJobs" name="test_job_detail_after_upload" time="2.229" /><testcase classname="backend.tests.test_features_v3.TestECJobs" name="test_delete_job" time="0.389" /><testcase classname="backend.tests.test_features_v3.TestChat" name="test_create_session" time="0.108" /><testcase classname="backend.tests.test_features_v3.TestChat" name="test_chat_message" time="6.767" /></testsuite></testsuites>